This is pdfTeX, Version 3.141592653-2.6-1.40.25 (TeX Live 2023) (preloaded format=pdflatex 2023.12.13)  10 MAR 2026 12:14
entering extended mode
 restricted \write18 enabled.
 file:line:error style messages enabled.
 %&-line parsing enabled.
**/Users/ohouck/vc/ercot_sim_weather_forecasts/reports/forecast_error_map_eda/forecast_error_map_eda.tex
(/Users/ohouck/vc/ercot_sim_weather_forecasts/reports/forecast_error_map_eda/forecast_error_map_eda.tex
LaTeX2e <2022-11-01> patch level 1
L3 programming layer <2023-02-22> (/usr/local/texlive/2023/texmf-dist/tex/latex/base/article.cls
Document Class: article 2022/07/02 v1.4n Standard LaTeX document class
(/usr/local/texlive/2023/texmf-dist/tex/latex/base/size11.clo
File: size11.clo 2022/07/02 v1.4n Standard LaTeX file (size option)
)
\c@part=\count185
\c@section=\count186
\c@subsection=\count187
\c@subsubsection=\count188
\c@paragraph=\count189
\c@subparagraph=\count190
\c@figure=\count191
\c@table=\count192
\abovecaptionskip=\skip48
\belowcaptionskip=\skip49
\bibindent=\dimen140
) (/usr/local/texlive/2023/texmf-dist/tex/latex/graphics/graphicx.sty
Package: graphicx 2021/09/16 v1.2d Enhanced LaTeX Graphics (DPC,SPQR)
 (/usr/local/texlive/2023/texmf-dist/tex/latex/graphics/keyval.sty
Package: keyval 2022/05/29 v1.15 key=value parser (DPC)
\KV@toks@=\toks16
) (/usr/local/texlive/2023/texmf-dist/tex/latex/graphics/graphics.sty
Package: graphics 2022/03/10 v1.4e Standard LaTeX Graphics (DPC,SPQR)
 (/usr/local/texlive/2023/texmf-dist/tex/latex/graphics/trig.sty
Package: trig 2021/08/11 v1.11 sin cos tan (DPC)
) (/usr/local/texlive/2023/texmf-dist/tex/latex/graphics-cfg/graphics.cfg
File: graphics.cfg 2016/06/04 v1.11 sample graphics configuration
)
Package graphics Info: Driver file: pdftex.def on input line 107.
 (/usr/local/texlive/2023/texmf-dist/tex/latex/graphics-def/pdftex.def
File: pdftex.def 2022/09/22 v1.2b Graphics/color driver for pdftex
))
\Gin@req@height=\dimen141
\Gin@req@width=\dimen142
) (/usr/local/texlive/2023/texmf-dist/tex/latex/geometry/geometry.sty
Package: geometry 2020/01/02 v5.9 Page Geometry
 (/usr/local/texlive/2023/texmf-dist/tex/generic/iftex/ifvtex.sty
Package: ifvtex 2019/10/25 v1.7 ifvtex legacy package. Use iftex instead.
 (/usr/local/texlive/2023/texmf-dist/tex/generic/iftex/iftex.sty
Package: iftex 2022/02/03 v1.0f TeX engine tests
))
\Gm@cnth=\count193
\Gm@cntv=\count194
\c@Gm@tempcnt=\count195
\Gm@bindingoffset=\dimen143
\Gm@wd@mp=\dimen144
\Gm@odd@mp=\dimen145
\Gm@even@mp=\dimen146
\Gm@layoutwidth=\dimen147
\Gm@layoutheight=\dimen148
\Gm@layouthoffset=\dimen149
\Gm@layoutvoffset=\dimen150
\Gm@dimlist=\toks17
) (/usr/local/texlive/2023/texmf-dist/tex/latex/booktabs/booktabs.sty
Package: booktabs 2020/01/12 v1.61803398 Publication quality tables
\heavyrulewidth=\dimen151
\lightrulewidth=\dimen152
\cmidrulewidth=\dimen153
\belowrulesep=\dimen154
\belowbottomsep=\dimen155
\aboverulesep=\dimen156
\abovetopsep=\dimen157
\cmidrulesep=\dimen158
\cmidrulekern=\dimen159
\defaultaddspace=\dimen160
\@cmidla=\count196
\@cmidlb=\count197
\@aboverulesep=\dimen161
\@belowrulesep=\dimen162
\@thisruleclass=\count198
\@lastruleclass=\count199
\@thisrulewidth=\dimen163
) (/usr/local/texlive/2023/texmf-dist/tex/latex/caption/caption.sty
Package: caption 2023/03/12 v3.6j Customizing captions (AR)
 (/usr/local/texlive/2023/texmf-dist/tex/latex/caption/caption3.sty
Package: caption3 2023/03/12 v2.4 caption3 kernel (AR)
\caption@tempdima=\dimen164
\captionmargin=\dimen165
\caption@leftmargin=\dimen166
\caption@rightmargin=\dimen167
\caption@width=\dimen168
\caption@indent=\dimen169
\caption@parindent=\dimen170
\caption@hangindent=\dimen171
Package caption Info: Standard document class detected.
)
\c@caption@flags=\count266
\c@continuedfloat=\count267
) (/usr/local/texlive/2023/texmf-dist/tex/latex/caption/subcaption.sty
Package: subcaption 2023/02/19 v1.6 Sub-captions (AR)
Package caption Info: New subtype `subfigure' on input line 239.
\c@subfigure=\count268
Package caption Info: New subtype `subtable' on input line 239.
\c@subtable=\count269
) (/usr/local/texlive/2023/texmf-dist/tex/latex/l3backend/l3backend-pdftex.def
File: l3backend-pdftex.def 2023-01-16 L3 backend support: PDF output (pdfTeX)
\l__color_backend_stack_int=\count270
\l__pdf_internal_box=\box51
) (./forecast_error_map_eda.aux)
\openout1 = `forecast_error_map_eda.aux'.

LaTeX Font Info:    Checking defaults for OML/cmm/m/it on input line 12.
LaTeX Font Info:    ... okay on input line 12.
LaTeX Font Info:    Checking defaults for OMS/cmsy/m/n on input line 12.
LaTeX Font Info:    ... okay on input line 12.
LaTeX Font Info:    Checking defaults for OT1/cmr/m/n on input line 12.
LaTeX Font Info:    ... okay on input line 12.
LaTeX Font Info:    Checking defaults for T1/cmr/m/n on input line 12.
LaTeX Font Info:    ... okay on input line 12.
LaTeX Font Info:    Checking defaults for TS1/cmr/m/n on input line 12.
LaTeX Font Info:    ... okay on input line 12.
LaTeX Font Info:    Checking defaults for OMX/cmex/m/n on input line 12.
LaTeX Font Info:    ... okay on input line 12.
LaTeX Font Info:    Checking defaults for U/cmr/m/n on input line 12.
LaTeX Font Info:    ... okay on input line 12.
 (/usr/local/texlive/2023/texmf-dist/tex/context/base/mkii/supp-pdf.mkii
[Loading MPS to PDF converter (version 2006.09.02).]
\scratchcounter=\count271
\scratchdimen=\dimen172
\scratchbox=\box52
\nofMPsegments=\count272
\nofMParguments=\count273
\everyMPshowfont=\toks18
\MPscratchCnt=\count274
\MPscratchDim=\dimen173
\MPnumerator=\count275
\makeMPintoPDFobject=\count276
\everyMPtoPDFconversion=\toks19
) (/usr/local/texlive/2023/texmf-dist/tex/latex/epstopdf-pkg/epstopdf-base.sty
Package: epstopdf-base 2020-01-24 v2.11 Base part for package epstopdf
Package epstopdf-base Info: Redefining graphics rule for `.eps' on input line 485.
 (/usr/local/texlive/2023/texmf-dist/tex/latex/latexconfig/epstopdf-sys.cfg
File: epstopdf-sys.cfg 2010/07/13 v1.3 Configuration of (r)epstopdf for TeX Live
))
*geometry* driver: auto-detecting
*geometry* detected driver: pdftex
*geometry* verbose mode - [ preamble ] result:
* driver: pdftex
* paper: <default>
* layout: <same size as paper>
* layoutoffset:(h,v)=(0.0pt,0.0pt)
* modes: 
* h-part:(L,W,R)=(54.2025pt, 505.89pt, 54.2025pt)
* v-part:(T,H,B)=(43.36243pt, 708.24513pt, 43.36243pt)
* \paperwidth=614.295pt
* \paperheight=794.96999pt
* \textwidth=505.89pt
* \textheight=708.24513pt
* \oddsidemargin=-18.06749pt
* \evensidemargin=-18.06749pt
* \topmargin=-65.90756pt
* \headheight=12.0pt
* \headsep=25.0pt
* \topskip=11.0pt
* \footskip=30.0pt
* \marginparwidth=59.0pt
* \marginparsep=10.0pt
* \columnsep=10.0pt
* \skip\footins=10.0pt plus 4.0pt minus 2.0pt
* \hoffset=0.0pt
* \voffset=0.0pt
* \mag=1000
* \@twocolumnfalse
* \@twosidefalse
* \@mparswitchfalse
* \@reversemarginfalse
* (1in=72.27pt=25.4mm, 1cm=28.453pt)

Package caption Info: Begin \AtBeginDocument code.
Package caption Info: End \AtBeginDocument code.
LaTeX Font Info:    External font `cmex10' loaded for size
(Font)              <12> on input line 18.
LaTeX Font Info:    External font `cmex10' loaded for size
(Font)              <8> on input line 18.
LaTeX Font Info:    External font `cmex10' loaded for size
(Font)              <6> on input line 18.
LaTeX Font Info:    External font `cmex10' loaded for size
(Font)              <10.95> on input line 21.
</Users/ohouck/Library/CloudStorage/OneDrive-TheUniversityofChicago/ercot_sim_weather_forecasts/figures/forecast_error_map_eda//temp_1h_cluster00_treatment.png, id=1, 794.4882pt x 589.2414pt>
File: /Users/ohouck/Library/CloudStorage/OneDrive-TheUniversityofChicago/ercot_sim_weather_forecasts/figures/forecast_error_map_eda//temp_1h_cluster00_treatment.png Graphic file (type png)
<use /Users/ohouck/Library/CloudStorage/OneDrive-TheUniversityofChicago/ercot_sim_weather_forecasts/figures/forecast_error_map_eda//temp_1h_cluster00_treatment.png>
Package pdftex.def Info: /Users/ohouck/Library/CloudStorage/OneDrive-TheUniversityofChicago/ercot_sim_weather_forecasts/figures/forecast_error_map_eda//temp_1h_cluster00_treatment.png  used on input line 45.
(pdftex.def)             Requested size: 242.82503pt x 180.09149pt.
</Users/ohouck/Library/CloudStorage/OneDrive-TheUniversityofChicago/ercot_sim_weather_forecasts/figures/forecast_error_map_eda//temp_1h_cluster00_control.png, id=3, 794.4882pt x 589.2414pt>
File: /Users/ohouck/Library/CloudStorage/OneDrive-TheUniversityofChicago/ercot_sim_weather_forecasts/figures/forecast_error_map_eda//temp_1h_cluster00_control.png Graphic file (type png)
<use /Users/ohouck/Library/CloudStorage/OneDrive-TheUniversityofChicago/ercot_sim_weather_forecasts/figures/forecast_error_map_eda//temp_1h_cluster00_control.png>
Package pdftex.def Info: /Users/ohouck/Library/CloudStorage/OneDrive-TheUniversityofChicago/ercot_sim_weather_forecasts/figures/forecast_error_map_eda//temp_1h_cluster00_control.png  used on input line 51.
(pdftex.def)             Requested size: 242.82503pt x 180.09149pt.
</Users/ohouck/Library/CloudStorage/OneDrive-TheUniversityofChicago/ercot_sim_weather_forecasts/figures/forecast_error_map_eda//temp_1h_cluster01_treatment.png, id=4, 794.4882pt x 589.2414pt>
File: /Users/ohouck/Library/CloudStorage/OneDrive-TheUniversityofChicago/ercot_sim_weather_forecasts/figures/forecast_error_map_eda//temp_1h_cluster01_treatment.png Graphic file (type png)
<use /Users/ohouck/Library/CloudStorage/OneDrive-TheUniversityofChicago/ercot_sim_weather_forecasts/figures/forecast_error_map_eda//temp_1h_cluster01_treatment.png>
Package pdftex.def Info: /Users/ohouck/Library/CloudStorage/OneDrive-TheUniversityofChicago/ercot_sim_weather_forecasts/figures/forecast_error_map_eda//temp_1h_cluster01_treatment.png  used on input line 61.
(pdftex.def)             Requested size: 242.82503pt x 180.09149pt.
</Users/ohouck/Library/CloudStorage/OneDrive-TheUniversityofChicago/ercot_sim_weather_forecasts/figures/forecast_error_map_eda//temp_1h_cluster01_control.png, id=5, 794.4882pt x 589.2414pt>
File: /Users/ohouck/Library/CloudStorage/OneDrive-TheUniversityofChicago/ercot_sim_weather_forecasts/figures/forecast_error_map_eda//temp_1h_cluster01_control.png Graphic file (type png)
<use /Users/ohouck/Library/CloudStorage/OneDrive-TheUniversityofChicago/ercot_sim_weather_forecasts/figures/forecast_error_map_eda//temp_1h_cluster01_control.png>
Package pdftex.def Info: /Users/ohouck/Library/CloudStorage/OneDrive-TheUniversityofChicago/ercot_sim_weather_forecasts/figures/forecast_error_map_eda//temp_1h_cluster01_control.png  used on input line 67.
(pdftex.def)             Requested size: 242.82503pt x 180.09149pt.
</Users/ohouck/Library/CloudStorage/OneDrive-TheUniversityofChicago/ercot_sim_weather_forecasts/figures/forecast_error_map_eda//temp_1h_cluster02_treatment.png, id=6, 794.4882pt x 589.2414pt>
File: /Users/ohouck/Library/CloudStorage/OneDrive-TheUniversityofChicago/ercot_sim_weather_forecasts/figures/forecast_error_map_eda//temp_1h_cluster02_treatment.png Graphic file (type png)
<use /Users/ohouck/Library/CloudStorage/OneDrive-TheUniversityofChicago/ercot_sim_weather_forecasts/figures/forecast_error_map_eda//temp_1h_cluster02_treatment.png>
Package pdftex.def Info: /Users/ohouck/Library/CloudStorage/OneDrive-TheUniversityofChicago/ercot_sim_weather_forecasts/figures/forecast_error_map_eda//temp_1h_cluster02_treatment.png  used on input line 77.
(pdftex.def)             Requested size: 242.82503pt x 180.09149pt.
</Users/ohouck/Library/CloudStorage/OneDrive-TheUniversityofChicago/ercot_sim_weather_forecasts/figures/forecast_error_map_eda//temp_1h_cluster02_control.png, id=7, 794.4882pt x 589.2414pt>
File: /Users/ohouck/Library/CloudStorage/OneDrive-TheUniversityofChicago/ercot_sim_weather_forecasts/figures/forecast_error_map_eda//temp_1h_cluster02_control.png Graphic file (type png)
<use /Users/ohouck/Library/CloudStorage/OneDrive-TheUniversityofChicago/ercot_sim_weather_forecasts/figures/forecast_error_map_eda//temp_1h_cluster02_control.png>
Package pdftex.def Info: /Users/ohouck/Library/CloudStorage/OneDrive-TheUniversityofChicago/ercot_sim_weather_forecasts/figures/forecast_error_map_eda//temp_1h_cluster02_control.png  used on input line 83.
(pdftex.def)             Requested size: 242.82503pt x 180.09149pt.
</Users/ohouck/Library/CloudStorage/OneDrive-TheUniversityofChicago/ercot_sim_weather_forecasts/figures/forecast_error_map_eda//temp_1h_cluster03_treatment.png, id=8, 794.4882pt x 589.2414pt>
File: /Users/ohouck/Library/CloudStorage/OneDrive-TheUniversityofChicago/ercot_sim_weather_forecasts/figures/forecast_error_map_eda//temp_1h_cluster03_treatment.png Graphic file (type png)
<use /Users/ohouck/Library/CloudStorage/OneDrive-TheUniversityofChicago/ercot_sim_weather_forecasts/figures/forecast_error_map_eda//temp_1h_cluster03_treatment.png>
Package pdftex.def Info: /Users/ohouck/Library/CloudStorage/OneDrive-TheUniversityofChicago/ercot_sim_weather_forecasts/figures/forecast_error_map_eda//temp_1h_cluster03_treatment.png  used on input line 93.
(pdftex.def)             Requested size: 242.82503pt x 180.09149pt.
</Users/ohouck/Library/CloudStorage/OneDrive-TheUniversityofChicago/ercot_sim_weather_forecasts/figures/forecast_error_map_eda//temp_1h_cluster03_control.png, id=9, 794.4882pt x 589.2414pt>
File: /Users/ohouck/Library/CloudStorage/OneDrive-TheUniversityofChicago/ercot_sim_weather_forecasts/figures/forecast_error_map_eda//temp_1h_cluster03_control.png Graphic file (type png)
<use /Users/ohouck/Library/CloudStorage/OneDrive-TheUniversityofChicago/ercot_sim_weather_forecasts/figures/forecast_error_map_eda//temp_1h_cluster03_control.png>
Package pdftex.def Info: /Users/ohouck/Library/CloudStorage/OneDrive-TheUniversityofChicago/ercot_sim_weather_forecasts/figures/forecast_error_map_eda//temp_1h_cluster03_control.png  used on input line 99.
(pdftex.def)             Requested size: 242.82503pt x 180.09149pt.
</Users/ohouck/Library/CloudStorage/OneDrive-TheUniversityofChicago/ercot_sim_weather_forecasts/figures/forecast_error_map_eda//temp_1h_cluster04_treatment.png, id=10, 794.4882pt x 589.2414pt>
File: /Users/ohouck/Library/CloudStorage/OneDrive-TheUniversityofChicago/ercot_sim_weather_forecasts/figures/forecast_error_map_eda//temp_1h_cluster04_treatment.png Graphic file (type png)
<use /Users/ohouck/Library/CloudStorage/OneDrive-TheUniversityofChicago/ercot_sim_weather_forecasts/figures/forecast_error_map_eda//temp_1h_cluster04_treatment.png>
Package pdftex.def Info: /Users/ohouck/Library/CloudStorage/OneDrive-TheUniversityofChicago/ercot_sim_weather_forecasts/figures/forecast_error_map_eda//temp_1h_cluster04_treatment.png  used on input line 109.
(pdftex.def)             Requested size: 242.82503pt x 180.09149pt.
</Users/ohouck/Library/CloudStorage/OneDrive-TheUniversityofChicago/ercot_sim_weather_forecasts/figures/forecast_error_map_eda//temp_1h_cluster04_control.png, id=11, 794.4882pt x 589.2414pt>
File: /Users/ohouck/Library/CloudStorage/OneDrive-TheUniversityofChicago/ercot_sim_weather_forecasts/figures/forecast_error_map_eda//temp_1h_cluster04_control.png Graphic file (type png)
<use /Users/ohouck/Library/CloudStorage/OneDrive-TheUniversityofChicago/ercot_sim_weather_forecasts/figures/forecast_error_map_eda//temp_1h_cluster04_control.png>
Package pdftex.def Info: /Users/ohouck/Library/CloudStorage/OneDrive-TheUniversityofChicago/ercot_sim_weather_forecasts/figures/forecast_error_map_eda//temp_1h_cluster04_control.png  used on input line 115.
(pdftex.def)             Requested size: 242.82503pt x 180.09149pt.
</Users/ohouck/Library/CloudStorage/OneDrive-TheUniversityofChicago/ercot_sim_weather_forecasts/figures/forecast_error_map_eda//temp_1h_cluster05_treatment.png, id=12, 794.4882pt x 589.2414pt>
File: /Users/ohouck/Library/CloudStorage/OneDrive-TheUniversityofChicago/ercot_sim_weather_forecasts/figures/forecast_error_map_eda//temp_1h_cluster05_treatment.png Graphic file (type png)
<use /Users/ohouck/Library/CloudStorage/OneDrive-TheUniversityofChicago/ercot_sim_weather_forecasts/figures/forecast_error_map_eda//temp_1h_cluster05_treatment.png>
Package pdftex.def Info: /Users/ohouck/Library/CloudStorage/OneDrive-TheUniversityofChicago/ercot_sim_weather_forecasts/figures/forecast_error_map_eda//temp_1h_cluster05_treatment.png  used on input line 125.
(pdftex.def)             Requested size: 242.82503pt x 180.09149pt.
</Users/ohouck/Library/CloudStorage/OneDrive-TheUniversityofChicago/ercot_sim_weather_forecasts/figures/forecast_error_map_eda//temp_1h_cluster05_control.png, id=13, 794.4882pt x 589.2414pt>
File: /Users/ohouck/Library/CloudStorage/OneDrive-TheUniversityofChicago/ercot_sim_weather_forecasts/figures/forecast_error_map_eda//temp_1h_cluster05_control.png Graphic file (type png)
<use /Users/ohouck/Library/CloudStorage/OneDrive-TheUniversityofChicago/ercot_sim_weather_forecasts/figures/forecast_error_map_eda//temp_1h_cluster05_control.png>
Package pdftex.def Info: /Users/ohouck/Library/CloudStorage/OneDrive-TheUniversityofChicago/ercot_sim_weather_forecasts/figures/forecast_error_map_eda//temp_1h_cluster05_control.png  used on input line 131.
(pdftex.def)             Requested size: 242.82503pt x 180.09149pt.
</Users/ohouck/Library/CloudStorage/OneDrive-TheUniversityofChicago/ercot_sim_weather_forecasts/figures/forecast_error_map_eda//temp_1h_cluster06_treatment.png, id=14, 794.4882pt x 589.2414pt>
File: /Users/ohouck/Library/CloudStorage/OneDrive-TheUniversityofChicago/ercot_sim_weather_forecasts/figures/forecast_error_map_eda//temp_1h_cluster06_treatment.png Graphic file (type png)
<use /Users/ohouck/Library/CloudStorage/OneDrive-TheUniversityofChicago/ercot_sim_weather_forecasts/figures/forecast_error_map_eda//temp_1h_cluster06_treatment.png>
Package pdftex.def Info: /Users/ohouck/Library/CloudStorage/OneDrive-TheUniversityofChicago/ercot_sim_weather_forecasts/figures/forecast_error_map_eda//temp_1h_cluster06_treatment.png  used on input line 141.
(pdftex.def)             Requested size: 242.82503pt x 180.09149pt.
</Users/ohouck/Library/CloudStorage/OneDrive-TheUniversityofChicago/ercot_sim_weather_forecasts/figures/forecast_error_map_eda//temp_1h_cluster06_control.png, id=15, 794.4882pt x 589.2414pt>
File: /Users/ohouck/Library/CloudStorage/OneDrive-TheUniversityofChicago/ercot_sim_weather_forecasts/figures/forecast_error_map_eda//temp_1h_cluster06_control.png Graphic file (type png)
<use /Users/ohouck/Library/CloudStorage/OneDrive-TheUniversityofChicago/ercot_sim_weather_forecasts/figures/forecast_error_map_eda//temp_1h_cluster06_control.png>
Package pdftex.def Info: /Users/ohouck/Library/CloudStorage/OneDrive-TheUniversityofChicago/ercot_sim_weather_forecasts/figures/forecast_error_map_eda//temp_1h_cluster06_control.png  used on input line 147.
(pdftex.def)             Requested size: 242.82503pt x 180.09149pt.
</Users/ohouck/Library/CloudStorage/OneDrive-TheUniversityofChicago/ercot_sim_weather_forecasts/figures/forecast_error_map_eda//temp_1h_cluster07_treatment.png, id=16, 794.4882pt x 589.2414pt>
File: /Users/ohouck/Library/CloudStorage/OneDrive-TheUniversityofChicago/ercot_sim_weather_forecasts/figures/forecast_error_map_eda//temp_1h_cluster07_treatment.png Graphic file (type png)
<use /Users/ohouck/Library/CloudStorage/OneDrive-TheUniversityofChicago/ercot_sim_weather_forecasts/figures/forecast_error_map_eda//temp_1h_cluster07_treatment.png>
Package pdftex.def Info: /Users/ohouck/Library/CloudStorage/OneDrive-TheUniversityofChicago/ercot_sim_weather_forecasts/figures/forecast_error_map_eda//temp_1h_cluster07_treatment.png  used on input line 157.
(pdftex.def)             Requested size: 242.82503pt x 180.09149pt.
</Users/ohouck/Library/CloudStorage/OneDrive-TheUniversityofChicago/ercot_sim_weather_forecasts/figures/forecast_error_map_eda//temp_1h_cluster07_control.png, id=17, 794.4882pt x 589.2414pt>
File: /Users/ohouck/Library/CloudStorage/OneDrive-TheUniversityofChicago/ercot_sim_weather_forecasts/figures/forecast_error_map_eda//temp_1h_cluster07_control.png Graphic file (type png)
<use /Users/ohouck/Library/CloudStorage/OneDrive-TheUniversityofChicago/ercot_sim_weather_forecasts/figures/forecast_error_map_eda//temp_1h_cluster07_control.png>
Package pdftex.def Info: /Users/ohouck/Library/CloudStorage/OneDrive-TheUniversityofChicago/ercot_sim_weather_forecasts/figures/forecast_error_map_eda//temp_1h_cluster07_control.png  used on input line 163.
(pdftex.def)             Requested size: 242.82503pt x 180.09149pt.
</Users/ohouck/Library/CloudStorage/OneDrive-TheUniversityofChicago/ercot_sim_weather_forecasts/figures/forecast_error_map_eda//temp_1h_cluster08_treatment.png, id=18, 794.4882pt x 589.2414pt>
File: /Users/ohouck/Library/CloudStorage/OneDrive-TheUniversityofChicago/ercot_sim_weather_forecasts/figures/forecast_error_map_eda//temp_1h_cluster08_treatment.png Graphic file (type png)
<use /Users/ohouck/Library/CloudStorage/OneDrive-TheUniversityofChicago/ercot_sim_weather_forecasts/figures/forecast_error_map_eda//temp_1h_cluster08_treatment.png>
Package pdftex.def Info: /Users/ohouck/Library/CloudStorage/OneDrive-TheUniversityofChicago/ercot_sim_weather_forecasts/figures/forecast_error_map_eda//temp_1h_cluster08_treatment.png  used on input line 173.
(pdftex.def)             Requested size: 242.82503pt x 180.09149pt.
</Users/ohouck/Library/CloudStorage/OneDrive-TheUniversityofChicago/ercot_sim_weather_forecasts/figures/forecast_error_map_eda//temp_1h_cluster08_control.png, id=19, 794.4882pt x 589.2414pt>
File: /Users/ohouck/Library/CloudStorage/OneDrive-TheUniversityofChicago/ercot_sim_weather_forecasts/figures/forecast_error_map_eda//temp_1h_cluster08_control.png Graphic file (type png)
<use /Users/ohouck/Library/CloudStorage/OneDrive-TheUniversityofChicago/ercot_sim_weather_forecasts/figures/forecast_error_map_eda//temp_1h_cluster08_control.png>
Package pdftex.def Info: /Users/ohouck/Library/CloudStorage/OneDrive-TheUniversityofChicago/ercot_sim_weather_forecasts/figures/forecast_error_map_eda//temp_1h_cluster08_control.png  used on input line 179.
(pdftex.def)             Requested size: 242.82503pt x 180.09149pt.
[1

{/usr/local/texlive/2023/texmf-var/fonts/map/pdftex/updmap/pdftex.map}{/usr/local/texlive/2023/texmf-dist/fonts/enc/dvips/cm-super/cm-super-ts1.enc} </Users/ohouck/Library/CloudStorage/OneDrive-TheUniversityofChicago/ercot_sim_weather_forecasts/figures/forecast_error_map_eda//temp_1h_cluster00_treatment.png> </Users/ohouck/Library/CloudStorage/OneDrive-TheUniversityofChicago/ercot_sim_weather_forecasts/figures/forecast_error_map_eda//temp_1h_cluster00_control.png>] [2 </Users/ohouck/Library/CloudStorage/OneDrive-TheUniversityofChicago/ercot_sim_weather_forecasts/figures/forecast_error_map_eda//temp_1h_cluster01_treatment.png> </Users/ohouck/Library/CloudStorage/OneDrive-TheUniversityofChicago/ercot_sim_weather_forecasts/figures/forecast_error_map_eda//temp_1h_cluster01_control.png> </Users/ohouck/Library/CloudStorage/OneDrive-TheUniversityofChicago/ercot_sim_weather_forecasts/figures/forecast_error_map_eda//temp_1h_cluster02_treatment.png> </Users/ohouck/Library/CloudStorage/OneDrive-TheUniversityofChicago/ercot_sim_weather_forecasts/figures/forecast_error_map_eda//temp_1h_cluster02_control.png> </Users/ohouck/Library/CloudStorage/OneDrive-TheUniversityofChicago/ercot_sim_weather_forecasts/figures/forecast_error_map_eda//temp_1h_cluster03_treatment.png> </Users/ohouck/Library/CloudStorage/OneDrive-TheUniversityofChicago/ercot_sim_weather_forecasts/figures/forecast_error_map_eda//temp_1h_cluster03_control.png>] [3 </Users/ohouck/Library/CloudStorage/OneDrive-TheUniversityofChicago/ercot_sim_weather_forecasts/figures/forecast_error_map_eda//temp_1h_cluster04_treatment.png> </Users/ohouck/Library/CloudStorage/OneDrive-TheUniversityofChicago/ercot_sim_weather_forecasts/figures/forecast_error_map_eda//temp_1h_cluster04_control.png> </Users/ohouck/Library/CloudStorage/OneDrive-TheUniversityofChicago/ercot_sim_weather_forecasts/figures/forecast_error_map_eda//temp_1h_cluster05_treatment.png> </Users/ohouck/Library/CloudStorage/OneDrive-TheUniversityofChicago/ercot_sim_weather_forecasts/figures/forecast_error_map_eda//temp_1h_cluster05_control.png> </Users/ohouck/Library/CloudStorage/OneDrive-TheUniversityofChicago/ercot_sim_weather_forecasts/figures/forecast_error_map_eda//temp_1h_cluster06_treatment.png> </Users/ohouck/Library/CloudStorage/OneDrive-TheUniversityofChicago/ercot_sim_weather_forecasts/figures/forecast_error_map_eda//temp_1h_cluster06_control.png>] [4 </Users/ohouck/Library/CloudStorage/OneDrive-TheUniversityofChicago/ercot_sim_weather_forecasts/figures/forecast_error_map_eda//temp_1h_cluster07_treatment.png> </Users/ohouck/Library/CloudStorage/OneDrive-TheUniversityofChicago/ercot_sim_weather_forecasts/figures/forecast_error_map_eda//temp_1h_cluster07_control.png> </Users/ohouck/Library/CloudStorage/OneDrive-TheUniversityofChicago/ercot_sim_weather_forecasts/figures/forecast_error_map_eda//temp_1h_cluster08_treatment.png> </Users/ohouck/Library/CloudStorage/OneDrive-TheUniversityofChicago/ercot_sim_weather_forecasts/figures/forecast_error_map_eda//temp_1h_cluster08_control.png>] (./forecast_error_map_eda.aux) ) 
Here is how much of TeX's memory you used:
 3583 strings out of 476025
 80171 string characters out of 5790016
 1862388 words of memory out of 5000000
 24026 multiletter control sequences out of 15000+600000
 517660 words of font info for 50 fonts, out of 8000000 for 9000
 1141 hyphenation exceptions out of 8191
 57i,8n,63p,347b,478s stack positions out of 10000i,1000n,20000p,200000b,200000s
</usr/local/texlive/2023/texmf-dist/fonts/type1/public/amsfonts/cm/cmbx10.pfb></usr/local/texlive/2023/texmf-dist/fonts/type1/public/amsfonts/cm/cmbx12.pfb></usr/local/texlive/2023/texmf-dist/fonts/type1/public/amsfonts/cm/cmr10.pfb></usr/local/texlive/2023/texmf-dist/fonts/type1/public/amsfonts/cm/cmr12.pfb></usr/local/texlive/2023/texmf-dist/fonts/type1/public/amsfonts/cm/cmr17.pfb></usr/local/texlive/2023/texmf-dist/fonts/type1/public/amsfonts/cm/cmtt10.pfb></usr/local/texlive/2023/texmf-dist/fonts/type1/public/cm-super/sfrm1095.pfb>
Output written on forecast_error_map_eda.pdf (4 pages, 4010829 bytes).
PDF statistics:
 90 PDF objects out of 1000 (max. 8388607)
 33 compressed objects within 1 object stream
 0 named destinations out of 1000 (max. 500000)
 91 words of extra memory for PDF output out of 10000 (max. 10000000)

